[    0.000000] Initializing cgroup subsys cpuset
[    0.000000] Initializing cgroup subsys cpu
[    0.000000] Initializing cgroup subsys cpuacct
[    0.000000] Linux version 4.4.0-157-generic (buildd@lgw01-amd64-037) (gcc version 5.4.0 20160609 (Ubuntu 5.4.0-6ubuntu1~16.04.10) ) #185-Ubuntu SMP Tue Jul 23 09:17:01 UTC 2019 (Ubuntu 4.4.0-157.185-generic 4.4.181)
[    0.000000] Command line: BOOT_IMAGE=/boot/vmlinuz-4.4.0-157-generic root=LABEL=cloudimg-rootfs ro console=tty1 console=ttyS0
[    0.000000] KERNEL supported cpus:
[    0.000000]   Intel GenuineIntel
[    0.000000]   AMD AuthenticAMD
[    0.000000]   Centaur CentaurHauls
[    0.000000] x86/fpu: xstate_offset[2]:  576, xstate_sizes[2]:  256
[    0.000000] x86/fpu: Supporting XSAVE feature 0x01: 'x87 floating point registers'
[    0.000000] x86/fpu: Supporting XSAVE feature 0x02: 'SSE registers'
[    0.000000] x86/fpu: Supporting XSAVE feature 0x04: 'AVX registers'
[    0.000000] x86/fpu: Enabled xstate features 0x7, context size is 832 bytes, using 'standard' format.
[    0.000000] e820: BIOS-provided physical RAM map:
[    0.000000] BIOS-e820: [mem 0x0000000000000000-0x000000000009fbff] usable
[    0.000000] BIOS-e820: [mem 0x000000000009fc00-0x000000000009ffff] reserved
[    0.000000] BIOS-e820: [mem 0x00000000000f0000-0x00000000000fffff] reserved
[    0.000000] BIOS-e820: [mem 0x0000000000100000-0x000000003ffeffff] usable
[    0.000000] BIOS-e820: [mem 0x000000003fff0000-0x000000003fffffff] ACPI data
[    0.000000] BIOS-e820: [mem 0x00000000fec00000-0x00000000fec00fff] reserved
[    0.000000] BIOS-e820: [mem 0x00000000fee00000-0x00000000fee00fff] reserved
[    0.000000] BIOS-e820: [mem 0x00000000fffc0000-0x00000000ffffffff] reserved
[    0.000000] NX (Execute Disable) protection: active
[    0.000000] SMBIOS 2.5 present.
[    0.000000] Hypervisor detected: KVM
[    0.000000] e820: last_pfn = 0x3fff0 max_arch_pfn = 0x400000000
[    0.000000] MTRR: Disabled
[    0.000000] x86/PAT: MTRRs disabled, skipping PAT initialization too.
[    0.000000] CPU MTRRs all blank - virtualized system.
[    0.000000] x86/PAT: Configuration [0-7]: WB  WT  UC- UC  WB  WT  UC- UC  
[    0.000000] found SMP MP-table at [mem 0x0009fff0-0x0009ffff] mapped at [ffff88000009fff0]
[    0.000000] Scanning 1 areas for low memory corruption
[    0.000000] RAMDISK: [mem 0x362fc000-0x37175fff]
[    0.000000] ACPI: Early table checksum verification disabled
[    0.000000] ACPI: RSDP 0x00000000000E0000 000024 (v02 VBOX  )
[    0.000000] ACPI: XSDT 0x000000003FFF0030 00003C (v01 VBOX   VBOXXSDT 00000001 ASL  00000061)
[    0.000000] ACPI: FACP 0x000000003FFF00F0 0000F4 (v04 VBOX   VBOXFACP 00000001 ASL  00000061)
[    0.000000] ACPI: DSDT 0x000000003FFF0470 0022EA (v02 VBOX   VBOXBIOS 00000002 INTL 20100528)
[    0.000000] ACPI: FACS 0x000000003FFF0200 000040
[    0.000000] ACPI: FACS 0x000000003FFF0200 000040
[    0.000000] ACPI: APIC 0x000000003FFF0240 00005C (v02 VBOX   VBOXAPIC 00000001 ASL  00000061)
[    0.000000] ACPI: SSDT 0x000000003FFF02A0 0001CC (v01 VBOX   VBOXCPUT 00000002 INTL 20100528)
[    0.000000] No NUMA configuration found
[    0.000000] Faking a node at [mem 0x0000000000000000-0x000000003ffeffff]
[    0.000000] NODE_DATA(0) allocated [mem 0x3ffeb000-0x3ffeffff]
[    0.000000] kvm-clock: Using msrs 4b564d01 and 4b564d00
[    0.000000] kvm-clock: cpu 0, msr 0:3ffe3001, primary cpu clock
[    0.000000] kvm-clock: using sched offset of 3469964233 cycles
[    0.000000] clocksource: kvm-clock: mask: 0xffffffffffffffff max_cycles: 0x1cd42e4dffb, max_idle_ns: 881590591483 ns
[    0.000000] Zone ranges:
[    0.000000]   DMA      [mem 0x0000000000001000-0x0000000000ffffff]
[    0.000000]   DMA32    [mem 0x0000000001000000-0x000000003ffeffff]
[    0.000000]   Normal   empty
[    0.000000]   Device   empty
[    0.000000] Movable zone start for each node
[    0.000000] Early memory node ranges
[    0.000000]   node   0: [mem 0x0000000000001000-0x000000000009efff]
[    0.000000]   node   0: [mem 0x0000000000100000-0x000000003ffeffff]
[    0.000000] Initmem setup node 0 [mem 0x0000000000001000-0x000000003ffeffff]
[    0.000000] ACPI: PM-Timer IO Port: 0x4008
[    0.000000] IOAPIC[0]: apic_id 2, version 32, address 0xfec00000, GSI 0-23
[    0.000000] ACPI: INT_SRC_OVR (bus 0 bus_irq 0 global_irq 2 dfl dfl)
[    0.000000] ACPI: INT_SRC_OVR (bus 0 bus_irq 9 global_irq 9 low level)
[    0.000000] Using ACPI (MADT) for SMP configuration information
[    0.000000] smpboot: Allowing 2 CPUs, 0 hotplug CPUs
[    0.000000] PM: Registered nosave memory: [mem 0x00000000-0x00000fff]
[    0.000000] PM: Registered nosave memory: [mem 0x0009f000-0x0009ffff]
[    0.000000] PM: Registered nosave memory: [mem 0x000a0000-0x000effff]
[    0.000000] PM: Registered nosave memory: [mem 0x000f0000-0x000fffff]
[    0.000000] e820: [mem 0x40000000-0xfebfffff] available for PCI devices
[    0.000000] Booting paravirtualized kernel on KVM
[    0.000000] clocksource: refined-jiffies: mask: 0xffffffff max_cycles: 0xffffffff, max_idle_ns: 7645519600211568 ns
[    0.000000] setup_percpu: NR_CPUS:512 nr_cpumask_bits:512 nr_cpu_ids:2 nr_node_ids:1
[    0.000000] PERCPU: Embedded 34 pages/cpu @ffff88003fc00000 s99544 r8192 d31528 u1048576
[    0.000000] Built 1 zonelists in Node order, mobility grouping on.  Total pages: 257912
[    0.000000] Policy zone: DMA32
[    0.000000] Kernel command line: BOOT_IMAGE=/boot/vmlinuz-4.4.0-157-generic root=LABEL=cloudimg-rootfs ro console=tty1 console=ttyS0
[    0.000000] PID hash table entries: 4096 (order: 3, 32768 bytes)
[    0.000000] Memory: 997736K/1048120K available (8618K kernel code, 1335K rwdata, 4032K rodata, 1484K init, 1284K bss, 50384K reserved, 0K cma-reserved)
[    0.000000] SLUB: HWalign=64, Order=0-3, MinObjects=0, CPUs=2, Nodes=1
[    0.000000] Kernel/User page tables isolation: enabled
[    0.000000] Hierarchical RCU implementation.
[    0.000000] 	Build-time adjustment of leaf fanout to 64.
[    0.000000] 	RCU restricting CPUs from NR_CPUS=512 to nr_cpu_ids=2.
[    0.000000] RCU: Adjusting geometry for rcu_fanout_leaf=64, nr_cpu_ids=2
[    0.000000] NR_IRQS:33024 nr_irqs:440 16
[    0.000000] Console: colour VGA+ 80x25
[    0.000000] console [tty1] enabled
[    0.000000] console [ttyS0] enabled
[    0.000000] tsc: Detected 2711.996 MHz processor
[    0.151461] Calibrating delay loop (skipped) preset value.. 5423.99 BogoMIPS (lpj=10847984)
[    0.153242] pid_max: default: 32768 minimum: 301
[    0.154118] ACPI: Core revision 20150930
[    0.156008] ACPI: 2 ACPI AML tables successfully acquired and loaded
[    0.157403] Security Framework initialized
[    0.158200] Yama: becoming mindful.
[    0.158970] AppArmor: AppArmor initialized
[    0.159955] Dentry cache hash table entries: 131072 (order: 8, 1048576 bytes)
[    0.162062] Inode-cache hash table entries: 65536 (order: 7, 524288 bytes)
[    0.163657] Mount-cache hash table entries: 2048 (order: 2, 16384 bytes)
[    0.165011] Mountpoint-cache hash table entries: 2048 (order: 2, 16384 bytes)
[    0.166348] Initializing cgroup subsys io
[    0.167429] Initializing cgroup subsys memory
[    0.168596] Initializing cgroup subsys devices
[    0.169673] Initializing cgroup subsys freezer
[    0.171139] Initializing cgroup subsys net_cls
[    0.172048] Initializing cgroup subsys perf_event
[    0.172934] Initializing cgroup subsys net_prio
[    0.173791] Initializing cgroup subsys hugetlb
[    0.174640] Initializing cgroup subsys pids
[    0.176716] mce: CPU supports 0 MCE banks
[    0.177586] Last level iTLB entries: 4KB 64, 2MB 8, 4MB 8
[    0.178734] Last level dTLB entries: 4KB 64, 2MB 0, 4MB 0, 1GB 4
[    0.179917] Spectre V2 : Mitigation: Full generic retpoline
[    0.180912] Spectre V2 : Spectre v2 / SpectreRSB mitigation: Filling RSB on context switch
[    0.182464] Speculative Store Bypass: Vulnerable
[    0.183413] MDS: Vulnerable: Clear CPU buffers attempted, no microcode
[    0.187623] Freeing SMP alternatives memory: 36K
[    0.194654] ftrace: allocating 32312 entries in 127 pages
[    0.258249] smpboot: APIC(0) Converting physical 0 to logical package 0
[    0.259547] smpboot: Max logical packages: 1
[    0.260794] x2apic enabled
[    0.261692] Switched APIC routing to physical x2apic.
[    0.264026] ..TIMER: vector=0x30 apic1=0 pin1=2 apic2=-1 pin2=-1
[    0.370601] smpboot: CPU0: Intel(R) Core(TM) i5-7200U CPU @ 2.50GHz (family: 0x6, model: 0x8e, stepping: 0x9)
[    0.372805] Performance Events: unsupported p6 CPU model 142 no PMU driver, software events only.
[    0.385239] KVM setup paravirtual spinlock
[    0.387023] x86: Booting SMP configuration:
[    0.387942] .... node  #0, CPUs:      #1
[    0.388997] kvm-clock: cpu 1, msr 0:3ffe3041, secondary cpu clock
[    0.390979] mce: CPU supports 0 MCE banks
[    0.393462] x86: Booted up 1 node, 2 CPUs
[    0.394745] smpboot: Total of 2 processors activated (10847.98 BogoMIPS)
[    0.396625] devtmpfs: initialized
[    0.399695] evm: security.selinux
[    0.400703] evm: security.SMACK64
[    0.401452] evm: security.SMACK64EXEC
[    0.402275] evm: security.SMACK64TRANSMUTE
[    0.403211] evm: security.SMACK64MMAP
[    0.404002] evm: security.ima
[    0.404765] evm: security.capability
[    0.405819] clocksource: jiffies: mask: 0xffffffff max_cycles: 0xffffffff, max_idle_ns: 7645041785100000 ns
[    0.407724] futex hash table entries: 512 (order: 3, 32768 bytes)
[    0.409059] pinctrl core: initialized pinctrl subsystem
[    0.410264] RTC time:  8:21:10, date: 08/16/19
[    0.411438] NET: Registered protocol family 16
[    0.423429] cpuidle: using governor ladder
[    0.437390] cpuidle: using governor menu
[    0.438865] PCCT header not found.
[    0.439705] ACPI: bus type PCI registered
[    0.440948] acpiphp: ACPI Hot Plug PCI Controller Driver version: 0.5
[    0.442548] PCI: Using configuration type 1 for base access
[    0.457339] ACPI: Added _OSI(Module Device)
[    0.458440] ACPI: Added _OSI(Processor Device)
[    0.459292] ACPI: Added _OSI(3.0 _SCP Extensions)
[    0.460196] ACPI: Added _OSI(Processor Aggregator Device)
[    0.462359] ACPI: Executed 1 blocks of module-level executable AML code
[    0.467240] ACPI: Interpreter enabled
[    0.468085] ACPI: (supports S0 S5)
[    0.468856] ACPI: Using IOAPIC for interrupt routing
[    0.470232] PCI: Using host bridge windows from ACPI; if necessary, use "pci=nocrs" and report a bug
[    0.475392] ACPI: PCI Root Bridge [PCI0] (domain 0000 [bus 00-ff])
[    0.476649] acpi PNP0A03:00: _OSC: OS supports [ASPM ClockPM Segments MSI]
[    0.478472] acpi PNP0A03:00: _OSC: not requesting OS control; OS requires [ExtendedConfig ASPM ClockPM MSI]
[    0.481197] acpi PNP0A03:00: fail to add MMCONFIG information, can't access extended PCI configuration space under this bridge.
[    0.483977] PCI host bridge to bus 0000:00
[    0.485205] pci_bus 0000:00: root bus resource [io  0x0000-0x0cf7 window]
[    0.486826] pci_bus 0000:00: root bus resource [io  0x0d00-0xffff window]
[    0.488121] pci_bus 0000:00: root bus resource [mem 0x000a0000-0x000bffff window]
[    0.489784] pci_bus 0000:00: root bus resource [mem 0x40000000-0xfdffffff window]
[    0.491382] pci_bus 0000:00: root bus resource [bus 00-ff]
[    0.495019] pci 0000:00:01.1: legacy IDE quirk: reg 0x10: [io  0x01f0-0x01f7]
[    0.496625] pci 0000:00:01.1: legacy IDE quirk: reg 0x14: [io  0x03f6]
[    0.498470] pci 0000:00:01.1: legacy IDE quirk: reg 0x18: [io  0x0170-0x0177]
[    0.500215] pci 0000:00:01.1: legacy IDE quirk: reg 0x1c: [io  0x0376]
[    0.525544] pci 0000:00:07.0: quirk: [io  0x4000-0x403f] claimed by PIIX4 ACPI
[    0.538489] pci 0000:00:07.0: quirk: [io  0x4100-0x410f] claimed by PIIX4 SMB
[    0.556559] ACPI: PCI Interrupt Link [LNKA] (IRQs 5 9 10 *11)
[    0.558663] ACPI: PCI Interrupt Link [LNKB] (IRQs 5 9 *10 11)
[    0.560411] ACPI: PCI Interrupt Link [LNKC] (IRQs 5 *9 10 11)
[    0.562830] ACPI: PCI Interrupt Link [LNKD] (IRQs 5 9 10 *11)
[    0.565327] ACPI: Enabled 2 GPEs in block 00 to 07
[    0.566938] vgaarb: setting as boot device: PCI:0000:00:02.0
[    0.568018] vgaarb: device added: PCI:0000:00:02.0,decodes=io+mem,owns=io+mem,locks=none
[    0.569812] vgaarb: loaded
[    0.570469] vgaarb: bridge control possible 0000:00:02.0
[    0.571737] SCSI subsystem initialized
[    0.572726] ACPI: bus type USB registered
[    0.573646] usbcore: registered new interface driver usbfs
[    0.574716] usbcore: registered new interface driver hub
[    0.575807] usbcore: registered new device driver usb
[    0.577376] PCI: Using ACPI for IRQ routing
[    0.578811] NetLabel: Initializing
[    0.579664] NetLabel:  domain hash size = 128
[    0.580558] NetLabel:  protocols = UNLABELED CIPSOv4
[    0.582835] NetLabel:  unlabeled traffic allowed by default
[    0.584353] amd_nb: Cannot enumerate AMD northbridges
[    0.585450] clocksource: Switched to clocksource kvm-clock
[    0.593315] AppArmor: AppArmor Filesystem Enabled
[    0.594358] pnp: PnP ACPI init
[    0.595892] pnp: PnP ACPI: found 3 devices
[    0.607164] clocksource: acpi_pm: mask: 0xffffff max_cycles: 0xffffff, max_idle_ns: 2085701024 ns
[    0.609229] NET: Registered protocol family 2
[    0.610473] TCP established hash table entries: 8192 (order: 4, 65536 bytes)
[    0.612236] TCP bind hash table entries: 8192 (order: 5, 131072 bytes)
[    0.613503] TCP: Hash tables configured (established 8192 bind 8192)
[    0.614785] UDP hash table entries: 512 (order: 2, 16384 bytes)
[    0.616004] UDP-Lite hash table entries: 512 (order: 2, 16384 bytes)
[    0.617376] NET: Registered protocol family 1
[    0.618342] pci 0000:00:00.0: Limiting direct PCI/PCI transfers
[    0.619518] pci 0000:00:01.0: Activating ISA DMA hang workarounds
[    0.620813] Unpacking initramfs...
[    0.826756] Freeing initrd memory: 14824K
[    0.827758] clocksource: tsc: mask: 0xffffffffffffffff max_cycles: 0x271782d3887, max_idle_ns: 440795314643 ns
[    0.829747] platform rtc_cmos: registered platform RTC device (no PNP device found)
[    0.831321] Scanning for low memory corruption every 60 seconds
[    0.832807] audit: initializing netlink subsys (disabled)
[    0.833880] audit: type=2000 audit(1565943675.523:1): initialized
[    0.835331] Initialise system trusted keyring
[    0.836442] HugeTLB registered 2 MB page size, pre-allocated 0 pages
[    0.839047] zbud: loaded
[    0.840042] VFS: Disk quotas dquot_6.6.0
[    0.840911] VFS: Dquot-cache hash table entries: 512 (order 0, 4096 bytes)
[    0.842494] squashfs: version 4.0 (2009/01/31) Phillip Lougher
[    0.843901] fuse init (API version 7.23)
[    0.845246] Key type big_key registered
[    0.846144] Allocating IMA MOK and blacklist keyrings.
[    0.849900] Key type asymmetric registered
[    0.850779] Asymmetric key parser 'x509' registered
[    0.851755] Block layer SCSI generic (bsg) driver version 0.4 loaded (major 249)
[    0.853585] io scheduler noop registered
[    0.854911] io scheduler deadline registered (default)
[    0.856123] io scheduler cfq registered
[    0.857010] pci_hotplug: PCI Hot Plug PCI Core version: 0.5
[    0.858252] pciehp: PCI Express Hot Plug Controller Driver version: 0.4
[    0.859636] ACPI: AC Adapter [AC] (on-line)
[    0.860579] input: Power Button as /devices/LNXSYSTM:00/LNXPWRBN:00/input/input0
[    0.862267] ACPI: Power Button [PWRF]
[    0.863096] input: Sleep Button as /devices/LNXSYSTM:00/LNXSLPBN:00/input/input1
[    0.864572] ACPI: Sleep Button [SLPF]
[    0.866157] ACPI: Battery Slot [BAT0] (battery present)
[    0.867142] GHES: HEST is not enabled!
[    0.868036] Serial: 8250/16550 driver, 32 ports, IRQ sharing enabled
[    0.889757] 00:02: ttyS0 at I/O 0x3f8 (irq = 4, base_baud = 115200) is a 16550A
[    0.894335] Linux agpgart interface v0.103
[    0.898284] loop: module loaded
[    0.900285] scsi host0: ata_piix
[    0.901371] scsi host1: ata_piix
[    0.902328] ata1: PATA max UDMA/33 cmd 0x1f0 ctl 0x3f6 bmdma 0xd000 irq 14
[    0.904042] ata2: PATA max UDMA/33 cmd 0x170 ctl 0x376 bmdma 0xd008 irq 15
[    0.905759] libphy: Fixed MDIO Bus: probed
[    0.906949] tun: Universal TUN/TAP device driver, 1.6
[    0.907893] tun: (C) 1999-2004 Max Krasnyansky <maxk@qualcomm.com>
[    0.910188] PPP generic driver version 2.4.2
[    0.911566] ehci_hcd: USB 2.0 'Enhanced' Host Controller (EHCI) Driver
[    0.913061] ehci-pci: EHCI PCI platform driver
[    0.914416] ehci-platform: EHCI generic platform driver
[    0.916025] ohci_hcd: USB 1.1 'Open' Host Controller (OHCI) Driver
[    0.917650] ohci-pci: OHCI PCI platform driver
[    0.918893] ohci-platform: OHCI generic platform driver
[    0.920368] uhci_hcd: USB Universal Host Controller Interface driver
[    0.922346] i8042: PNP: PS/2 Controller [PNP0303:PS2K,PNP0f03:PS2M] at 0x60,0x64 irq 1,12
[    0.925094] serio: i8042 KBD port at 0x60,0x64 irq 1
[    0.926353] serio: i8042 AUX port at 0x60,0x64 irq 12
[    0.928015] mousedev: PS/2 mouse device common for all mice
[    0.929967] input: AT Translated Set 2 keyboard as /devices/platform/i8042/serio0/input/input2
[    0.932990] rtc_cmos rtc_cmos: rtc core: registered rtc_cmos as rtc0
[    0.934613] rtc_cmos rtc_cmos: alarms up to one day, 114 bytes nvram
[    0.936098] i2c /dev entries driver
[    0.937109] device-mapper: uevent: version 1.0.3
[    0.938398] device-mapper: ioctl: 4.34.0-ioctl (2015-10-28) initialised: dm-devel@redhat.com
[    0.940578] ledtrig-cpu: registered to indicate activity on CPUs
[    0.942552] NET: Registered protocol family 10
[    0.943906] NET: Registered protocol family 17
[    0.945528] Key type dns_resolver registered
[    0.947412] registered taskstats version 1
[    0.948594] Loading compiled-in X.509 certificates
[    0.950843] Loaded X.509 cert 'Build time autogenerated kernel key: 3e01e6df98386236d59670e6b2ed19a044d5324e'
[    0.953612] zswap: loaded using pool lzo/zbud
[    0.956529] Key type trusted registered
[    0.961159] Key type encrypted registered
[    0.962363] AppArmor: AppArmor sha1 policy hashing enabled
[    0.963370] ima: No TPM chip found, activating TPM-bypass!
[    0.964371] ima: Allocated hash algorithm: sha1
[    0.965343] evm: HMAC attrs: 0x1
[    0.966427]   Magic number: 15:882:371
[    0.967303] rtc_cmos rtc_cmos: setting system clock to 2019-08-16 08:21:11 UTC (1565943671)
[    0.970069] BIOS EDD facility v0.16 2004-Jun-25, 0 devices found
[    0.971582] EDD information not available.
[    1.074422] Freeing unused kernel memory: 1484K
[    1.076571] Write protecting the kernel read-only data: 14336k
[    1.079426] Freeing unused kernel memory: 1612K
[    1.087071] Freeing unused kernel memory: 64K
Loading, please wait...
starting version 229
[    1.125993] random: systemd-udevd: uninitialized urandom read (16 bytes read, 3 bits of entropy available)
[    1.126764] random: udevadm: uninitialized urandom read (16 bytes read, 3 bits of entropy available)
[    1.126787] random: udevadm: uninitialized urandom read (16 bytes read, 3 bits of entropy available)
[    1.135703] random: systemd-udevd: uninitialized urandom read (16 bytes read, 3 bits of entropy available)
[    1.141478] random: udevadm: uninitialized urandom read (16 bytes read, 3 bits of entropy available)
[    1.141650] random: udevadm: uninitialized urandom read (16 bytes read, 3 bits of entropy available)
[    1.141877] random: udevadm: uninitialized urandom read (16 bytes read, 3 bits of entropy available)
[    1.141959] random: udevadm: uninitialized urandom read (16 bytes read, 3 bits of entropy available)
[    1.142041] random: udevadm: uninitialized urandom read (16 bytes read, 3 bits of entropy available)
[    1.142178] random: udevadm: uninitialized urandom read (16 bytes read, 3 bits of entropy available)
[    1.226725] e1000: Intel(R) PRO/1000 Network Driver - version 7.3.21-k8-NAPI
[    1.228324] e1000: Copyright (c) 1999-2006 Intel Corporation.
[    1.233443] Fusion MPT base driver 3.04.20
[    1.235676] Copyright (c) 1999-2008 LSI Corporation
[    1.255566] Fusion MPT SPI Host driver 3.04.20
[    1.263099] AVX2 version of gcm_enc/dec engaged.
[    1.264005] AES CTR mode by8 optimization enabled
[    1.468236] input: ImExPS/2 Generic Explorer Mouse as /devices/platform/i8042/serio1/input/input4
[    1.889073] e1000 0000:00:03.0 eth0: (PCI:33MHz:32-bit) 02:c2:66:bb:16:6d
[    1.891348] e1000 0000:00:03.0 eth0: Intel(R) PRO/1000 Network Connection
[    2.520388] e1000 0000:00:08.0 eth1: (PCI:33MHz:32-bit) 08:00:27:64:c9:e9
[    2.524565] e1000 0000:00:08.0 eth1: Intel(R) PRO/1000 Network Connection
[    2.530032] mptbase: ioc0: Initiating bringup
[    2.530215] e1000 0000:00:08.0 enp0s8: renamed from eth1
[    2.542348] e1000 0000:00:03.0 enp0s3: renamed from eth0
[    2.601978] ioc0: LSI53C1030 A0: Capabilities={Initiator}
[    2.770752] scsi host2: ioc0: LSI53C1030 A0, FwRev=00000000h, Ports=1, MaxQ=256, IRQ=20
[    2.887000] scsi 2:0:0:0: Direct-Access     VBOX     HARDDISK         1.0  PQ: 0 ANSI: 5
[    2.895023] scsi target2:0:0: Beginning Domain Validation
[    2.905962] scsi target2:0:0: Domain Validation skipping write tests
[    2.912582] scsi target2:0:0: Ending Domain Validation
[    2.918335] scsi target2:0:0: asynchronous
[    2.925177] scsi 2:0:1:0: Direct-Access     VBOX     HARDDISK         1.0  PQ: 0 ANSI: 5
[    2.928668] scsi target2:0:1: Beginning Domain Validation
[    2.934253] scsi target2:0:1: Domain Validation skipping write tests
[    2.936265] scsi target2:0:1: Ending Domain Validation
[    2.955344] scsi target2:0:1: asynchronous
[    2.965776] sd 2:0:0:0: Attached scsi generic sg0 type 0
[    2.966152] sd 2:0:0:0: [sda] 20971520 512-byte logical blocks: (10.7 GB/10.0 GiB)
[    2.966312] sd 2:0:0:0: [sda] Write Protect is off
[    2.966408] sd 2:0:0:0: [sda] Incomplete mode parameter data
[    2.966409] sd 2:0:0:0: [sda] Assuming drive cache: write through
[    2.972300] sd 2:0:1:0: Attached scsi generic sg1 type 0
[    2.973453] sd 2:0:1:0: [sdb] 20480 512-byte logical blocks: (10.5 MB/10.0 MiB)
[    2.975488] sd 2:0:1:0: [sdb] Write Protect is off
[    2.976739]  sda: sda1
[    2.976789] sd 2:0:1:0: [sdb] Incomplete mode parameter data
[    2.976791] sd 2:0:1:0: [sdb] Assuming drive cache: write through
[    2.981071] sd 2:0:0:0: [sda] Attached SCSI disk
[    2.984301] sd 2:0:1:0: [sdb] Attached SCSI disk
Begin: Loading essential drivers ... [    4.408578] md: linear personality registered for level -1
[    4.412510] md: multipath personality registered for level -4
[    4.416098] md: raid0 personality registered for level 0
[    4.420867] md: raid1 personality registered for level 1
[    4.493720] raid6: sse2x1   gen() 10003 MB/s
[    4.562091] raid6: sse2x1   xor()  5618 MB/s
[    4.629530] raid6: sse2x2   gen()  8309 MB/s
[    4.697682] raid6: sse2x2   xor()  7068 MB/s
[    4.765966] raid6: sse2x4   gen() 13184 MB/s
[    4.833473] raid6: sse2x4   xor()  8668 MB/s
[    4.901657] raid6: avx2x1   gen() 18506 MB/s
[    4.969938] raid6: avx2x2   gen() 21773 MB/s
[    5.038274] raid6: avx2x4   gen() 23636 MB/s
[    5.039292] raid6: using algorithm avx2x4 gen() 23636 MB/s
[    5.040542] raid6: using avx2x2 recovery algorithm
[    5.043036] xor: automatically using best checksumming function:
[    5.081764]    avx       : 24190.000 MB/sec
[    5.083920] async_tx: api initialized (async)
[    5.095610] md: raid6 personality registered for level 6
[    5.096889] md: raid5 personality registered for level 5
[    5.098256] md: raid4 personality registered for level 4
[    5.105818] md: raid10 personality registered for level 10
done.
Begin: Running /scripts/init-premount ... done.
Begin: Mounting root file system ... Begin: Running /scripts/local-top ... done.
Begin: Running /scripts/local-premount ... [    5.137755] Btrfs loaded
Scanning for Btrfs filesystems
done.
Warning: fsck not present, so skipping root file system
[    5.182291] EXT4-fs (sda1): mounted filesystem with ordered data mode. Opts: (null)
done.
Begin: Running /scripts/local-bottom ... done.
Begin: Running /scripts/init-bottom ... done.
[    5.309198] systemd[1]: systemd 229 running in system mode. (+PAM +AUDIT +SELINUX +IMA +APPARMOR +SMACK +SYSVINIT +UTMP +LIBCRYPTSETUP +GCRYPT +GNUTLS +ACL +XZ -LZ4 +SECCOMP +BLKID +ELFUTILS +KMOD -IDN)
[    5.313209] systemd[1]: Detected virtualization oracle.
[    5.314445] systemd[1]: Detected architecture x86-64.

Welcome to [1mUbuntu 16.04.6 LTS[0m!

[    5.319603] systemd[1]: Set hostname to <ubuntu>.
[    5.323317] systemd[1]: Initializing machine ID from random generator.
[    5.324742] systemd[1]: Installed transient /etc/machine-id file.
[    5.496510] systemd[1]: Listening on udev Kernel Socket.
[[0;32m  OK  [0m] Listening on udev Kernel Socket.
[    5.498511] systemd[1]: Reached target User and Group Name Lookups.
[[0;32m  OK  [0m] Reached target User and Group Name Lookups.
[    5.517978] systemd[1]: Reached target Encrypted Volumes.
[[0;32m  OK  [0m] Reached target Encrypted Volumes.
[    5.527867] systemd[1]: Created slice User and Session Slice.
[[0;32m  OK  [0m] Created slice User and Session Slice.
[    5.755265] systemd[1]: Listening on LVM2 poll daemon socket.
[[0;32m  OK  [0m] Listening on LVM2 poll daemon socket.
[    5.759419] systemd[1]: Started Forward Password Requests to Wall Directory Watch.
[[0;32m  OK  [0m] Started Forward Password Requests to Wall Directory Watch.
[    5.767016] systemd[1]: Set up automount Arbitrary Executable File Formats File System Automount Point.
[[0;32m  OK  [0m] Set up automount Arbitrary Executab...ats File System Automount Point.
[    5.772246] systemd[1]: Reached target System Time Synchronized.
[[0;32m  OK  [0m] Reached target System Time Synchronized.
[    5.776206] systemd[1]: Listening on Journal Socket (/dev/log).
[[0;32m  OK  [0m] Listening on Journal Socket (/dev/log).
[    5.781437] systemd[1]: Listening on Journal Audit Socket.
[[0;32m  OK  [0m] Listening on Journal Audit Socket.
[    5.784047] systemd[1]: Listening on Device-mapper event daemon FIFOs.
[[0;32m  OK  [0m] Listening on Device-mapper event daemon FIFOs.
[    5.787209] systemd[1]: Reached target Swap.
[[0;32m  OK  [0m] Reached target Swap.
[    5.789286] systemd[1]: Listening on Syslog Socket.
[[0;32m  OK  [0m] Listening on Syslog Socket.
[    5.791601] systemd[1]: Started Trigger resolvconf update for networkd DNS.
[[0;32m  OK  [0m] Started Trigger resolvconf update for networkd DNS.
[    5.797130] systemd[1]: Listening on LVM2 metadata daemon socket.
[[0;32m  OK  [0m] Listening on LVM2 metadata daemon socket.
[    5.800959] systemd[1]: Listening on udev Control Socket.
[[0;32m  OK  [0m] Listening on udev Control Socket.
[    5.803677] systemd[1]: Listening on Journal Socket.
[[0;32m  OK  [0m] Listening on Journal Socket.
[    5.806290] systemd[1]: Created slice System Slice.
[[0;32m  OK  [0m] Created slice System Slice.
[    5.818311] systemd[1]: Starting Uncomplicated firewall...
         Starting Uncomplicated firewall...
[    5.822270] systemd[1]: Starting Monitoring of LVM2 mirrors, snapshots etc. using dmeventd or progress polling...
         Starting Monitoring of LVM2 mirrors... dmeventd or progress polling...
[    5.827533] systemd[1]: Reached target Slices.
[[0;32m  OK  [0m] Reached target Slices.
[    5.835774] systemd[1]: Starting Load Kernel Modules...
         Starting Load Kernel Modules...
[    5.840062] systemd[1]: Starting Create list of required static device nodes for the current kernel...
         Starting Create list of required st... nodes for the current kernel...
[    5.855021] Loading iSCSI transport class v2.0-870.
[    5.858058] systemd[1]: Created slice system-serial\x2dgetty.slice.
[[0;32m  OK  [0m] Created slice system-serial\x2dgetty.slice.
[    5.870273] iscsi: registered transport (tcp)
[    5.873647] systemd[1]: Mounting POSIX Message Queue File System...
         Mounting POSIX Message Queue File System...
[    5.877526] systemd[1]: Starting Set console keymap...
         Starting Set console keymap...
[    5.882738] systemd[1]: Starting Nameserver information manager...
         Starting Nameserver information manager...
[    5.890430] systemd[1]: Starting Journal Service...
         Starting Journal Service...
[    5.892334] systemd[1]: Listening on /dev/initctl Compatibility Named Pipe.
[[0;32m  OK  [0m] Listening on /dev/initctl Compatibility Named Pipe.
[    5.898565] systemd[1]: Mounting Debug File System...
         Mounting Debug File System...
[    5.901512] systemd[1]: Starting Remount Root and Kernel File Systems...
         Starting Remount Root and Kernel File Systems...
[    5.907645] systemd[1]: Mounting Huge Pages File System...
         Mounting Huge Pages File System...
[    5.914527] systemd[1]: Mounted Huge Pages File System.
[[0;32m  OK  [0m] Mounted Huge Pages File System.
[    5.917067] systemd[1]: Mounted Debug File System.
[[0;32m  OK  [0m] Mounted Debug File System.
[    5.920611] systemd[1]: Mounted POSIX Message Queue File System.
[[0;32m  OK  [0m] Mounted POSIX Message Queue File System.
[    5.923742] systemd[1]: Started Uncomplicated firewall.
[[0;32m  OK  [0m] Started Uncomplicated firewall.
[    5.932360] systemd[1]: Started Create list of required static device nodes for the current kernel.
[    5.933753] iscsi: registered transport (iser)
[    5.935455] EXT4-fs (sda1): re-mounted. Opts: (null)
[[0;32m  OK  [0m] Started Create list of required sta...ce nodes for the current kernel.
[    5.939508] systemd[1]: Started Load Kernel Modules.
[[0;32m  OK  [0m] Started Load Kernel Modules.
[    5.943205] systemd[1]: Started Remount Root and Kernel File Systems.
[[0;32m  OK  [0m] Started Remount Root and Kernel File Systems.
[    5.950007] systemd[1]: Started Journal Service.
[[0;32m  OK  [0m] Started Journal Service.
[[0;32m  OK  [0m] Started Nameserver information manager.
[[0;32m  OK  [0m] Started LVM2 metadata daemon.
         Starting udev Coldplug all Devices...
         Starting Flush Journal to Persistent Storage...
         Starting Load/Save Random Seed...
         Starting Apply Kernel Variables...
         Mounting FUSE Control File System...
         Starting Create Static Device Nodes in /dev...
[[0;32m  OK  [0m] Mounted FUSE Control File System.
[[0;32m  OK  [0m] Started Set console keymap.
[[0;32m  OK  [0m] Started Load/Save Random Seed.
[[0;32m  OK  [0m] Started Apply Kernel Variables.
[[0;32m  OK  [0m] Started Create Static Device Nodes in /dev.
[[0;32m  OK  [0m] Started udev Coldplug all Devices.
         Starting udev Kernel Device Manager...
[[0;32m  OK  [0m] Started Flush Journal to Persistent Storage.
[[0;32m  OK  [0m] Started udev Kernel Device Manager.
[[0;32m  OK  [0m] Started Dispatch Password Requests to Console Directory Watch.
[[0;32m  OK  [0m] Found device /dev/ttyS0.
[[0;32m  OK  [0m] Listening on Load/Save RF Kill Switch Status /dev/rfkill Watch.
[[0;32m  OK  [0m] Started Monitoring of LVM2 mirrors,...ng dmeventd or progress polling.
[[0;32m  OK  [0m] Reached target Local File Systems (Pre).
[[0;32m  OK  [0m] Reached target Local File Systems.
         Starting Commit a transient machine-id on disk...
         Starting Create Volatile Files and Directories...
         Starting Initial cloud-init job (pre-networking)...
         Starting Tell Plymouth To Write Out Runtime Data...
         Starting Set console font and keymap...
         Starting LSB: AppArmor initialization...
[[0;32m  OK  [0m] Started Commit a transient machine-id on disk.
[[0;32m  OK  [0m] Started Create Volatile Files and Directories.
[[0;32m  OK  [0m] Started Tell Plymouth To Write Out Runtime Data.
         Starting Update UTMP about System Boot/Shutdown...
[[0;32m  OK  [0m] Started Update UTMP about System Boot/Shutdown.
[    8.031157] cloud-init[614]: Cloud-init v. 19.1-1-gbaa47854-0ubuntu1~16.04.1 running 'init-local' at Fri, 16 Aug 2019 08:21:18 +0000. Up 7.48 seconds.
[[0;32m  OK  [0m] Started Set console font and keymap.
[[0;32m  OK  [0m] Created slice system-getty.slice.
[[0;32m  OK  [0m] Started Initial cloud-init job (pre-networking).
[[0;32m  OK  [0m] Reached target Network (Pre).
[[0;32m  OK  [0m] Started LSB: AppArmor initialization.
         Starting Raise network interfaces...
[[0;32m  OK  [0m] Started Raise network interfaces.
         Starting Initial cloud-init job (metadata service crawler)...
[[0;32m  OK  [0m] Reached target Network.
[    9.705389] cloud-init[960]: Cloud-init v. 19.1-1-gbaa47854-0ubuntu1~16.04.1 running 'init' at Fri, 16 Aug 2019 08:21:19 +0000. Up 9.02 seconds.
[    9.712713] cloud-init[960]: ci-info: ++++++++++++++++++++++++++++++++++++++Net device info+++++++++++++++++++++++++++++++++++++++
[    9.720896] cloud-init[960]: ci-info: +--------+-------+----------------------------+---------------+--------+-------------------+
[    9.728694] cloud-init[960]: ci-info: | Device |   Up  |          Address           |      Mask     | Scope  |     Hw-Address    |
[    9.736577] cloud-init[960]: ci-info: +--------+-------+----------------------------+---------------+--------+-------------------+
[    9.744475] cloud-init[960]: ci-info: | enp0s3 |  True |         10.0.2.15          | 255.255.255.0 | global | 02:c2:66:bb:16:6d |
[    9.746837] cloud-init[960]: ci-info: | enp0s3 |  True | fe80::c2:66ff:febb:166d/64 |       .       |  link  | 02:c2:66:bb:16:6d |
[    9.748810] cloud-init[960]: ci-info: | enp0s8 | False |             .              |       .       |   .    | 08:00:27:64:c9:e9 |
[    9.750494] cloud-init[960]: ci-info: |   lo   |  True |         127.0.0.1          |   255.0.0.0   |  host  |         .         |
[    9.757056] cloud-init[960]: ci-info: |   lo   |  True |          ::1/128           |       .       |  host  |         .         |
[    9.759324] cloud-init[960]: ci-info: +--------+-------+----------------------------+---------------+--------+-------------------+
[    9.761268] cloud-init[960]: ci-info: +++++++++++++++++++++++++++Route IPv4 info++++++++++++++++++++++++++++
[    9.768732] cloud-init[960]: ci-info: +-------+-------------+----------+---------------+-----------+-------+
[    9.768952] cloud-init[960]: ci-info: | Route | Destination | Gateway  |    Genmask    | Interface | Flags |
[    9.769292] cloud-init[960]: ci-info: +-------+-------------+----------+---------------+-----------+-------+
[    9.769900] cloud-init[960]: ci-info: |   0   |   0.0.0.0   | 10.0.2.2 |    0.0.0.0    |   enp0s3  |   UG  |
[    9.770482] cloud-init[960]: ci-info: |   1   |   10.0.2.0  | 0.0.0.0  | 255.255.255.0 |   enp0s3  |   U   |
[[0;32m  OK  [0m] Started Initial cloud-init job (metadata service crawler).
[    9.771022] cloud-init[960]: ci-info: +-------+-------------+----------+---------------+-----------+-------+
[    9.775763] cloud-init[960]: ci-info: +++++++++++++++++++Route IPv6 info+++++++++++++++++++
[    9.784528] cloud-init[960]: ci-info: +-------+-------------+---------+-----------+-------+
[    9.784774] cloud-init[960]: ci-info: | Route | Destination | Gateway | Interface | Flags |
[    9.785337] cloud-init[960]: ci-info: +-------+-------------+---------+-----------+-------+
[    9.785675] cloud-init[960]: ci-info: |   0   |  fe80::/64  |    ::   |   enp0s3  |   U   |
[    9.786079] cloud-init[960]: ci-info: |   3   |   ff00::/8  |    ::   |   enp0s3  |   U   |
[    9.786621] cloud-init[960]: ci-info: +-------+-------------+---------+-----------+-------+
[    9.787020] cloud-init[960]: Generating public/private rsa key pair.
[    9.787387] cloud-init[960]: Your identification has been saved in /etc/ssh/ssh_host_rsa_key.
[    9.787760] cloud-init[960]: Your public key has been saved in /etc/ssh/ssh_host_rsa_key.pub.
[    9.788406] cloud-init[960]: The key fingerprint is:
[    9.788461] cloud-init[960]: SHA256:iUzuOvVikqVrOkNRAOmbl1ryP+39X1QnxmXjqTnRLDM root@ubuntu-xenial
[[0;32m  OK  [0m] Reached target Cloud-config availability.
[    9.788510] cloud-init[960]: The key's randomart image is:
[    9.788704] cloud-init[960]: +---[RSA 2048]----+
[    9.789046] cloud-init[960]: |.o..           .o|
[[    9.789102] cloud-init[960]: |.   .        .+oo|
[    9.796455] cloud-init[960]: |.  .  .      E+=o|
[    9.796974] cloud-init[960]: | ..  + . .   .B.o|
[    9.797368] cloud-init[960]: |  o.. + S    + . |
[    9.797783] cloud-init[960]: | +.+ .o       o  |
[    9.798177] cloud-init[960]: | .*  =o.       . |
[    9.798938] cloud-init[960]: | .o.*oo.o     .  |
[    9.799323] cloud-init[960]: |  .=+*oo .....   |
[    9.799896] cloud-init[960]: +----[SHA256]-----+
[    9.800131] cloud-init[960]: Generating public/private dsa key pair.
[    9.800675] cloud-init[960]: Your identification has been saved in /etc/ssh/ssh_host_dsa_key.
[    9.801064] cloud-init[960]: Your public key has been saved in /etc/ssh/ssh_host_dsa_key.pub.
[    9.801460] cloud-init[960]: The key fingerprint is:
[    9.802008] cloud-init[960]: SHA256:UGGdNoH9mg7TYAXfCA3bO0Gtb20EmystdESWm7IoxtU root@ubuntu-xenial
[    9.802399] cloud-init[960]: The key's randomart image is:
[    9.802934] cloud-init[960]: +---[DSA 1024]----+
[0;32m  OK  [0m] [    9.803618] cloud-init[960]: |        BOo=o.   |
Reached target Network is Online.
[    9.803698] cloud-init[960]: |       o.*O+=    |
[    9.806495] cloud-init[960]: |      . .+==.*   |
[    9.807696] cloud-init[960]: |       .+ EoB .  |
[    9.808754] cloud-init[960]: |     . oS=oO +   |
[    9.810081] cloud-init[960]: |      + + B.= o  |
[    9.811525] cloud-init[960]: |     . . + + .   |
[    9.812672] cloud-init[960]: |          .      |
[    9.813648] cloud-init[960]: |                 |
[    9.820933] cloud-init[960]: +----[SHA256]-----+
[    9.821267] cloud-init[960]: Generating public/private ecdsa key pair.
[    9.821617] cloud-init[960]: Your identification has been saved in /etc/ssh/ssh_host_ecdsa_key.
[    9.822030] cloud-init[960]: Your public key has been saved in /etc/ssh/ssh_host_ecdsa_key.pub.
[    9.822381] cloud-init[960]: The key fingerprint is:
[    9.822750] cloud-init[960]: SHA256:VO8I7g1AIT/CepdIFgyvZHx2E3xc488gMsFv5HlrutY root@ubuntu-xenial
[    9.823142] cloud-init[960]: The key's randomart image is:
[    9.823510] cloud-init[960]: +---[ECDSA 256]---+
[    9.823882] cloud-init[960]: |  .ooo=o .+      |
[    9.824281] cloud-init[960]: | . o.=oo+o o     |
         Starting iSCSI initiator daemon (iscsid)...
[    9.824519] cloud-init[960]: |  + O O=+.o .    |
[    9.830021] [[0;32m  OK  [0m] Reached target System Initialization.
[[0;32m  OK  [0m] Started Daily Cleanup of Temporary Directories.
         Starting Socket activation for snappy daemon.
cloud-init[960]: | o B + X=o.*     |
[    9.840976] cloud-init[960]: |  o o o.S...+    |
[    9.842240] cloud-init[960]: |   . . . oo      |
         Starting LXD - unix socket.
[    9.846263] cloud-init[960]: |        .+.      |
[    9.847753] cloud-init[960]: |        o E      |
[    9.848655] cloud-init[960]: |       ...       |
[    9.852351] [[0;32m  OK  [0m] Started ACPI Events Check.
[[0;32m  OK  [0m] Reached target Paths.
[[0;32m  OK  [0m] Listening on ACPID Listen Socket.
[[0;32m  OK  [0m] Listening on UUID daemon activation socket.
[[0;32m  OK  [0m] Listening on D-Bus System Message Bus Socket.
[[0;32m  OK  [0m] Started Daily apt download activities.
[[0;32m  OK  [0m] Started Daily apt upgrade and clean activities.
[[0;32m  OK  [0m] Reached target Timers.
cloud-init[960]: +----[SHA256]-----+
[    9.864324] cloud-init[960]: Generating public/private ed25519 key pair.
[    9.873037] [[0;32m  OK  [0m] Listening on Socket activation for snappy daemon.
cloud-init[960]: Your identification has been saved in /etc/ssh/ssh_host_ed25519_key.
[    9.875360] cloud-init[960]: Your public key has been saved in /etc/ssh/ssh_host_ed25519_key.pub.
[    9.877150] cloud-init[960]: The key fingerprint is:
[    9.877410] cloud-init[960]: SHA256:bxGEvRwPy0RSvVwqSU1zmS9rSjAEEzzDUouSTE495aE root@ubuntu-xenial
[[0;32m  OK  [0m] Listening on LXD - unix socket.
[    9.877510] cloud-init[960]: The key's randomart image is:
[    9.881135] cloud-init[960]: +--[ED25519 256]--+
[    9.882435] cloud-init[960]: |    o. =OB++o .o |
[    9.885350] cloud-init[960]: |   = .++**B oo+  |
[    9.892972] cloud-init[960]: |    = EooO.O + . |
[    9.900598] cloud-init[960]: |     .    X.= . .|
[    9.908260] cloud-init[960]: |        S .+   o |
[    9.909480] cloud-init[960]: |         . .. o  |
[    9.910610] cloud-init[960]: |          o. o   |
[    9.917872] cloud-init[960]: |         .  .    |
[    9.919053] cloud-init[960]: |                 |
[    9.920228] [[0;32m  OK  [0m] Started iSCSI initiator daemon (iscsid).
cloud-init[960]: +----[SHA256]-----+
         Starting Login to default iSCSI targets...
[[0;32m  OK  [0m] Reached target Sockets.
[[0;32m  OK  [0m] Reached target Basic System.
[[0;32m  OK  [0m] Started FUSE filesystem for LXC.
         Starting LXD - container startup/shutdown...
[[0;32m  OK  [0m] Started D-Bus System Message Bus.
         Starting Login Service...
[[0;32m  OK  [0m] Started Deferred execution scheduler.
         Starting System Logging Service...
         Starting LSB: Record successful boot for GRUB...
         Starting Pollinate to seed the pseudo random number generator...
         Starting /etc/rc.local Compatibility...
[[0;32m  OK  [0m] Started ACPI event daemon.
[[0;32m  OK  [0m] Started Regular background program processing daemon.
         Starting LSB: MD monitoring daemon...
         Starting Virtualbox guest utils...
         Starting Accounts Service...
         Starting Snappy daemon...
[[0;32m  OK  [0m] Started /etc/rc.local Compatibility.
[[0;32m  OK  [0m] Started Login to default iSCSI targets.
[[0;32m  OK  [0m] Started System Logging Service.
[[0;32m  OK  [0m] Reached target Remote File Systems (Pre).
[[0;32m  OK  [0m] Reached target Remote File Systems.
         Starting LSB: daemon to balance interrupts for SMP systems...
         Starting Permit User Sessions...
         Starting LSB: Set the CPU Frequency Scaling governor to "ondemand"...
         Starting LSB: automatic crash report generation...
[[0;32m  OK  [0m] Started LSB: Record successful boot for GRUB.
[[0;32m  OK  [0m] Started LSB: MD monitoring daemon.
[[0;32m  OK  [0m] Started Permit User Sessions.
[[0;32m  OK  [0m] Started Login Service.
         Starting Authenticate and Authorize Users to Run Privileged Tasks...
[[0;32m  OK  [0m] Started Unattended Upgrades Shutdown.
         Starting Terminate Plymouth Boot Screen...
         Starting Hold until boot process finishes up...
[[0;32m  OK  [0m] Started LSB: Set the CPU Frequency Scaling governor to "ondemand".
[[0;32m  OK  [0m] Started Hold until boot process finishes up.
[[0;32m  OK  [0m] Started Terminate Plymouth Boot Screen.
[[0;32m  OK  [0m] Started LXD - container startup/shutdown.
[[0;32m  OK  [0m] Started LSB: daemon to balance interrupts for SMP systems.
         Starting Set console scheme...
[[0;32m  OK  [0m] Started Serial Getty on ttyS0.
[[0;32m  OK  [0m] Started Getty on tty1.
[[0;32m  OK  [0m] Reached target Login Prompts.
[[0;32m  OK  [0m] Started Virtualbox guest utils.
[[0;32m  OK  [0m] Started LSB: automatic crash report generation.
[[0;32m  OK  [0m] Started Set console scheme.
[[0;32m  OK  [0m] Started Authenticate and Authorize Users to Run Privileged Tasks.
[[0;32m  OK  [0m] Started Accounts Service.
[[0;32m  OK  [0m] Started Snappy daemon.
         Starting Wait until snapd is fully seeded...
[[0;32m  OK  [0m] Started Pollinate to seed the pseudo random number generator.
         Starting OpenBSD Secure Shell server...
[[0;32m  OK  [0m] Started OpenBSD Secure Shell server.
[[0;32m  OK  [0m] Started Wait until snapd is fully seeded.
         Starting Apply the settings specified in cloud-config...
[[0;32m  OK  [0m] Reached target Multi-User System.
[[0;32m  OK  [0m] Reached target Graphical Interface.
         Starting Update UTMP about System Runlevel Changes...
[[0;32m  OK  [0m] Started Update UTMP about System Runlevel Changes.
[   11.610503] cloud-init[1318]: Generating locales (this might take a while)...
[[0;32m  OK  [0m] Created slice User Slice of vagrant.
         Starting User Manager for UID 1000...
[[0;32m  OK  [0m] Started Session 1 of user vagrant.
[[0;32m  OK  [0m] Started User Manager for UID 1000.
[   13.244322] cloud-init[1318]:   en_US.UTF-8... done
[   13.245816] cloud-init[1318]: Generation complete.
[   13.702082] cloud-init[1318]: Cloud-init v. 19.1-1-gbaa47854-0ubuntu1~16.04.1 running 'modules:config' at Fri, 16 Aug 2019 08:21:22 +0000. Up 11.49 seconds.
[[0;32m  OK  [0m] Started Apply the settings specified in cloud-config.
         Starting Execute cloud user/final scripts...
ci-info: no authorized ssh keys fingerprints found for user ubuntu.
<14>Aug 16 08:21:25 ec2: 
<14>Aug 16 08:21:25 ec2: #############################################################
<14>Aug 16 08:21:25 ec2: -----BEGIN SSH HOST KEY FINGERPRINTS-----
<14>Aug 16 08:21:25 ec2: 1024 SHA256:UGGdNoH9mg7TYAXfCA3bO0Gtb20EmystdESWm7IoxtU root@ubuntu-xenial (DSA)
<14>Aug 16 08:21:25 ec2: 256 SHA256:VO8I7g1AIT/CepdIFgyvZHx2E3xc488gMsFv5HlrutY root@ubuntu-xenial (ECDSA)
<14>Aug 16 08:21:25 ec2: 256 SHA256:bxGEvRwPy0RSvVwqSU1zmS9rSjAEEzzDUouSTE495aE root@ubuntu-xenial (ED25519)
<14>Aug 16 08:21:25 ec2: 2048 SHA256:iUzuOvVikqVrOkNRAOmbl1ryP+39X1QnxmXjqTnRLDM root@ubuntu-xenial (RSA)
<14>Aug 16 08:21:25 ec2: -----END SSH HOST KEY FINGERPRINTS-----
<14>Aug 16 08:21:25 ec2: #############################################################
-----BEGIN SSH HOST KEY KEYS-----
ecdsa-sha2-nistp256 AAAAE2VjZHNhLXNoYTItbmlzdHAyNTYAAAAIbmlzdHAyNTYAAABBBA8kbK88Rv5uXXJCLP1KvFOmsJDzUMvOziofj5+cXgQ3RWx9dsK93fMMdDBzXlp74ytdTnfuZ8Mk+BJGmz9sS/U= root@ubuntu-xenial
ssh-ed25519 AAAAC3NzaC1lZDI1NTE5AAAAIEdwMFCg/CeTnS4CtOsQzS5IAlEdXYlhmMtpF4PAkJ/z root@ubuntu-xenial
ssh-rsa AAAAB3NzaC1yc2EAAAADAQABAAABAQDdBt5TOD1aVOueNBtlPoDZleopQWei+wAGx2ACv1Z0pwmU/IwkJJSDOdEi0I2u85yzM9jR5mhNIBQ/xO9CcI+x1N2iff0mjREMuqH9cY2LZH/GTF3Bez1l+6hDF/e6yzKwf65JiEvGn4gTdcz+VVAPQcDfW6oH8EzmrkVGHcBwQB1LBKiaJepdgwYRaAZHS/M5OA2hRDkbPHiM+k0AZ6jw5D6MwftxeOWynbgKVq84hcbqNilM+Em2+B+WTvGDJYiMIjKmF/BaokkNDTiaPW9TzG222LjvL+wdV+FINQxZGtKIqoQpe58DHKxDqBGAlMEo5QdsicyE4MqFYiXMonod root@ubuntu-xenial
-----END SSH HOST KEY KEYS-----
[   14.310403] cloud-init[1465]: Cloud-init v. 19.1-1-gbaa47854-0ubuntu1~16.04.1 running 'modules:final' at Fri, 16 Aug 2019 08:21:24 +0000. Up 14.13 seconds.
[   14.319630] cloud-init[1465]: ci-info: no authorized ssh keys fingerprints found for user ubuntu.
[   14.329709] cloud-init[1465]: Cloud-init v. 19.1-1-gbaa47854-0ubuntu1~16.04.1 finished at Fri, 16 Aug 2019 08:21:25 +0000. Datasource DataSourceNoCloud [seed=/dev/sdb][dsmode=net].  Up 14.30 seconds
[[0;32m  OK  [0m] Started Execute cloud user/final scripts.
[[0;32m  OK  [0m] Reached target Cloud-init target.

Ubuntu 16.04.6 LTS ubuntu-xenial ttyS0

ubuntu-xenial login: 